\BOOKMARK [0][-]{section*.2}{Signature Page}{}% 1
\BOOKMARK [0][-]{section*.3}{Dedication}{}% 2
\BOOKMARK [0][-]{section*.4}{Epigraph}{}% 3
\BOOKMARK [0][-]{section*.5}{Table of Contents}{}% 4
\BOOKMARK [0][-]{section*.6}{List of Symbols and Acronyms}{}% 5
\BOOKMARK [0][-]{section*.7}{List of Figures}{}% 6
\BOOKMARK [0][-]{section*.8}{List of Schemes}{}% 7
\BOOKMARK [0][-]{section*.9}{List of Tables}{}% 8
\BOOKMARK [0][-]{section*.10}{Preface}{}% 9
\BOOKMARK [0][-]{section*.11}{Acknowledgements}{}% 10
\BOOKMARK [0][-]{section*.12}{Vita}{}% 11
\BOOKMARK [0][-]{section*.13}{Abstract of the Dissertation}{}% 12
\BOOKMARK [0][-]{section*.14}{Introduction}{}% 13
\BOOKMARK [1][-]{section.0.1}{Scaling up through the sciences}{section*.14}% 14
\BOOKMARK [1][-]{section.0.2}{The multiscale nature of biochemistry}{section*.14}% 15
\BOOKMARK [1][-]{section.0.3}{How mutations affect protein structure: a multiscale biologist's perspective}{section*.14}% 16
\BOOKMARK [1][-]{section.0.4}{Structural Methodologies}{section*.14}% 17
\BOOKMARK [2][-]{subsection.0.4.1}{X-ray Crystallography}{section.0.4}% 18
\BOOKMARK [2][-]{subsection.0.4.2}{Hydrogen/Deuterium Exchange Mass Spectrometry}{section.0.4}% 19
\BOOKMARK [2][-]{subsection.0.4.3}{Small-Angle X-ray Scattering}{section.0.4}% 20
\BOOKMARK [2][-]{subsection.0.4.4}{Cryo-electron Microscopy}{section.0.4}% 21
\BOOKMARK [2][-]{subsection.0.4.5}{Electron Tomography}{section.0.4}% 22
\BOOKMARK [1][-]{section.0.5}{Biophysical Structural Modeling Methodologies}{section*.14}% 23
\BOOKMARK [2][-]{subsection.0.5.1}{Molecular Dynamics}{section.0.5}% 24
\BOOKMARK [2][-]{subsection.0.5.2}{Brownian Dynamics}{section.0.5}% 25
\BOOKMARK [0][-]{chapter.1}{Multiscale Modeling of protein systems}{}% 26
\BOOKMARK [1][-]{section.1.1}{Acknowledgment}{chapter.1}% 27
\BOOKMARK [0][-]{chapter.2}{Visualizing and understanding protein-protein interactions with Molecular Dynamics}{}% 28
\BOOKMARK [1][-]{section.2.1}{Acknowledgment}{chapter.2}% 29
\BOOKMARK [0][-]{chapter.3}{Bridging structural and mechanistic observations with computational modeling techniques}{}% 30
\BOOKMARK [1][-]{section.3.1}{Acknowledgment}{chapter.3}% 31
\BOOKMARK [0][-]{chapter.4}{Subcellular spatial modeling in realistic geometries with stochastic particle methods to understand heart disease}{}% 32
\BOOKMARK [1][-]{section.4.1}{Introduction}{chapter.4}% 33
\BOOKMARK [1][-]{section.4.2}{Methods}{chapter.4}% 34
\BOOKMARK [2][-]{subsection.4.2.1}{Building the Geometric Model}{section.4.2}% 35
\BOOKMARK [2][-]{subsection.4.2.2}{The MCell model of the CRU}{section.4.2}% 36
\BOOKMARK [2][-]{subsection.4.2.3}{Experimental design}{section.4.2}% 37
\BOOKMARK [2][-]{subsection.4.2.4}{Cytosolic and SR Ca2+ Buffering}{section.4.2}% 38
\BOOKMARK [2][-]{subsection.4.2.5}{Sarcolemmal \(T-Tubule\) Fluxes}{section.4.2}% 39
\BOOKMARK [2][-]{subsection.4.2.6}{Sarcoplasmic Reticulum Fluxes}{section.4.2}% 40
\BOOKMARK [1][-]{section.4.3}{Results and Discussion}{chapter.4}% 41
\BOOKMARK [2][-]{subsection.4.3.1}{Buffer and Fluorophore Dynamics}{section.4.3}% 42
\BOOKMARK [2][-]{subsection.4.3.2}{Ryanodine Receptor activation absence of LTCC in response to single action potential LTCC alterations}{section.4.3}% 43
\BOOKMARK [2][-]{subsection.4.3.3}{Activation in response to single action potential}{section.4.3}% 44
\BOOKMARK [2][-]{subsection.4.3.4}{Activation in response to multiple action potentials}{section.4.3}% 45
\BOOKMARK [1][-]{section.4.4}{Conclusions}{chapter.4}% 46
\BOOKMARK [1][-]{section.4.5}{Supplementary Information}{chapter.4}% 47
\BOOKMARK [0][-]{section*.42}{Bibliography}{}% 48
